0 verbose cli /usr/local/bin/node /usr/local/bin/npm
1 info using npm@11.6.1
2 info using node@v24.11.0
3 silly config load:file:/usr/local/lib/node_modules/npm/npmrc
4 silly config load:file:/Users/akdeepankar/Projects/protube/.npmrc
5 silly config load:file:/Users/akdeepankar/.npmrc
6 silly config load:file:/usr/local/etc/npmrc
7 verbose title npm install elevenlabs @distube/ytdl-core lucide-react
8 verbose argv "install" "--cache" "./npm-cache" "elevenlabs" "@distube/ytdl-core" "lucide-react"
9 verbose logfile logs-max:10 dir:/Users/akdeepankar/Projects/protube/npm-cache/_logs/2026-01-16T09_22_00_491Z-
10 verbose logfile /Users/akdeepankar/Projects/protube/npm-cache/_logs/2026-01-16T09_22_00_491Z-debug-0.log
11 silly logfile done cleaning log files
12 silly packumentCache heap:4496293888 maxSize:1124073472 maxEntrySize:562036736
13 silly idealTree buildDeps
14 silly fetch manifest elevenlabs@*
15 silly packumentCache full:https://registry.npmjs.org/elevenlabs cache-miss
16 http fetch GET 200 https://registry.npmjs.org/elevenlabs 175ms (cache miss)
17 silly packumentCache full:https://registry.npmjs.org/elevenlabs set size:undefined disposed:false
18 silly fetch manifest @distube/ytdl-core@*
19 silly packumentCache full:https://registry.npmjs.org/@distube%2fytdl-core cache-miss
20 http fetch GET 200 https://registry.npmjs.org/@distube%2fytdl-core 75ms (cache miss)
21 silly packumentCache full:https://registry.npmjs.org/@distube%2fytdl-core set size:undefined disposed:false
22 silly fetch manifest lucide-react@*
23 silly packumentCache full:https://registry.npmjs.org/lucide-react cache-miss
24 http fetch GET 200 https://registry.npmjs.org/npm 719ms
25 http fetch GET 200 https://registry.npmjs.org/lucide-react 418ms (cache miss)
26 silly packumentCache full:https://registry.npmjs.org/lucide-react set size:undefined disposed:false
27 silly fetch manifest react@19.2.3
28 silly packumentCache full:https://registry.npmjs.org/react cache-miss
29 http fetch GET 200 https://registry.npmjs.org/react 692ms (cache miss)
30 silly packumentCache full:https://registry.npmjs.org/react set size:undefined disposed:false
31 silly placeDep ROOT @distube/ytdl-core@4.16.12 OK for: protube@0.1.0 want: *
32 silly placeDep ROOT elevenlabs@1.59.0 OK for: protube@0.1.0 want: *
33 silly placeDep ROOT lucide-react@0.562.0 OK for: protube@0.1.0 want: *
34 silly fetch manifest sax@^1.4.1
35 silly packumentCache full:https://registry.npmjs.org/sax cache-miss
36 silly fetch manifest undici@^7.8.0
37 silly packumentCache full:https://registry.npmjs.org/undici cache-miss
38 silly fetch manifest miniget@^4.2.3
39 silly packumentCache full:https://registry.npmjs.org/miniget cache-miss
40 silly fetch manifest m3u8stream@^0.8.6
41 silly packumentCache full:https://registry.npmjs.org/m3u8stream cache-miss
42 silly fetch manifest tough-cookie@^5.1.2
43 silly packumentCache full:https://registry.npmjs.org/tough-cookie cache-miss
44 silly fetch manifest http-cookie-agent@^7.0.1
45 silly packumentCache full:https://registry.npmjs.org/http-cookie-agent cache-miss
46 silly fetch manifest https-proxy-agent@^7.0.6
47 silly packumentCache full:https://registry.npmjs.org/https-proxy-agent cache-miss
48 silly fetch manifest qs@^6.13.1
49 silly packumentCache full:https://registry.npmjs.org/qs cache-miss
50 silly fetch manifest execa@^5.1.1
51 silly packumentCache full:https://registry.npmjs.org/execa cache-miss
52 http fetch GET 200 https://registry.npmjs.org/sax 155ms (cache miss)
53 silly packumentCache full:https://registry.npmjs.org/sax set size:undefined disposed:false
54 silly fetch manifest url-join@4.0.1
55 silly packumentCache full:https://registry.npmjs.org/url-join cache-miss
56 http fetch GET 200 https://registry.npmjs.org/undici 220ms (cache miss)
57 silly packumentCache full:https://registry.npmjs.org/undici set size:undefined disposed:false
58 silly fetch manifest form-data@^4.0.0
59 silly packumentCache full:https://registry.npmjs.org/form-data cache-miss
60 http fetch GET 200 https://registry.npmjs.org/url-join 125ms (cache miss)
61 silly packumentCache full:https://registry.npmjs.org/url-join set size:undefined disposed:false
62 silly fetch manifest node-fetch@^2.7.0
63 silly packumentCache full:https://registry.npmjs.org/node-fetch cache-miss
64 http fetch GET 200 https://registry.npmjs.org/https-proxy-agent 311ms (cache miss)
65 silly packumentCache full:https://registry.npmjs.org/https-proxy-agent set size:undefined disposed:false
66 silly fetch manifest formdata-node@^6.0.3
67 silly packumentCache full:https://registry.npmjs.org/formdata-node cache-miss
68 http fetch GET 200 https://registry.npmjs.org/m3u8stream 323ms (cache miss)
69 silly packumentCache full:https://registry.npmjs.org/m3u8stream set size:undefined disposed:false
70 silly fetch manifest command-exists@^1.2.9
71 silly packumentCache full:https://registry.npmjs.org/command-exists cache-miss
72 http fetch GET 200 https://registry.npmjs.org/miniget 325ms (cache miss)
73 silly packumentCache full:https://registry.npmjs.org/miniget set size:undefined disposed:false
74 silly fetch manifest readable-stream@^4.5.2
75 silly packumentCache full:https://registry.npmjs.org/readable-stream cache-miss
76 http fetch GET 200 https://registry.npmjs.org/tough-cookie 327ms (cache miss)
77 silly packumentCache full:https://registry.npmjs.org/tough-cookie set size:undefined disposed:false
78 silly fetch manifest form-data-encoder@^4.0.2
79 silly packumentCache full:https://registry.npmjs.org/form-data-encoder cache-miss
80 http fetch GET 200 https://registry.npmjs.org/http-cookie-agent 349ms (cache miss)
81 silly packumentCache full:https://registry.npmjs.org/http-cookie-agent set size:undefined disposed:false
82 http fetch GET 200 https://registry.npmjs.org/node-fetch 97ms (cache miss)
83 silly packumentCache full:https://registry.npmjs.org/node-fetch set size:undefined disposed:false
84 http fetch GET 200 https://registry.npmjs.org/command-exists 116ms (cache miss)
85 silly packumentCache full:https://registry.npmjs.org/command-exists set size:undefined disposed:false
86 http fetch GET 200 https://registry.npmjs.org/readable-stream 155ms (cache miss)
87 silly packumentCache full:https://registry.npmjs.org/readable-stream set size:undefined disposed:false
88 http fetch GET 200 https://registry.npmjs.org/qs 540ms (cache miss)
89 silly packumentCache full:https://registry.npmjs.org/qs set size:undefined disposed:false
90 http fetch GET 200 https://registry.npmjs.org/execa 575ms (cache miss)
91 silly packumentCache full:https://registry.npmjs.org/execa set size:undefined disposed:false
92 http fetch GET 200 https://registry.npmjs.org/formdata-node 407ms (cache miss)
93 silly packumentCache full:https://registry.npmjs.org/formdata-node set size:undefined disposed:false
94 http fetch GET 200 https://registry.npmjs.org/form-data 574ms (cache miss)
95 silly packumentCache full:https://registry.npmjs.org/form-data set size:undefined disposed:false
96 http fetch GET 200 https://registry.npmjs.org/form-data-encoder 1282ms (cache miss)
97 silly packumentCache full:https://registry.npmjs.org/form-data-encoder set size:undefined disposed:false
98 silly placeDep ROOT http-cookie-agent@7.0.3 OK for: @distube/ytdl-core@4.16.12 want: ^7.0.1
99 silly placeDep ROOT tough-cookie@5.1.2 OK for: http-cookie-agent@7.0.3 want: ^4.0.0 || ^5.0.0 || ^6.0.0
100 silly placeDep ROOT https-proxy-agent@7.0.6 OK for: @distube/ytdl-core@4.16.12 want: ^7.0.6
101 silly placeDep ROOT m3u8stream@0.8.6 OK for: @distube/ytdl-core@4.16.12 want: ^0.8.6
102 silly placeDep ROOT miniget@4.2.3 OK for: @distube/ytdl-core@4.16.12 want: ^4.2.3
103 silly placeDep ROOT sax@1.4.4 OK for: @distube/ytdl-core@4.16.12 want: ^1.4.1
104 silly placeDep ROOT undici@7.18.2 OK for: @distube/ytdl-core@4.16.12 want: ^7.8.0
105 silly fetch manifest agent-base@^7.1.4
106 silly packumentCache full:https://registry.npmjs.org/agent-base cache-miss
107 silly fetch manifest tldts@^6.1.32
108 silly packumentCache full:https://registry.npmjs.org/tldts cache-miss
109 silly fetch manifest agent-base@^7.1.2
110 silly packumentCache full:https://registry.npmjs.org/agent-base cache-miss
111 silly fetch manifest miniget@^4.2.2
112 silly packumentCache full:https://registry.npmjs.org/miniget cache-miss
113 silly fetch manifest sax@^1.2.4
114 silly packumentCache full:https://registry.npmjs.org/sax cache-miss
115 http cache https://registry.npmjs.org/miniget 5ms (cache hit)
116 silly packumentCache full:https://registry.npmjs.org/miniget set size:76662 disposed:false
117 http cache https://registry.npmjs.org/sax 6ms (cache hit)
118 silly packumentCache full:https://registry.npmjs.org/sax set size:87969 disposed:false
119 http fetch GET 200 https://registry.npmjs.org/agent-base 42ms (cache miss)
120 silly packumentCache full:https://registry.npmjs.org/agent-base set size:undefined disposed:false
121 http fetch GET 200 https://registry.npmjs.org/agent-base 95ms (cache miss)
122 silly packumentCache full:https://registry.npmjs.org/agent-base set size:undefined disposed:false
123 http fetch GET 200 https://registry.npmjs.org/tldts 274ms (cache miss)
124 silly packumentCache full:https://registry.npmjs.org/tldts set size:undefined disposed:false
125 silly fetch manifest encoding@^0.1.0
126 silly packumentCache full:https://registry.npmjs.org/encoding cache-miss
127 http fetch GET 200 https://registry.npmjs.org/encoding 43ms (cache miss)
128 silly packumentCache full:https://registry.npmjs.org/encoding set size:undefined disposed:false
129 silly placeDep ROOT command-exists@1.2.9 OK for: elevenlabs@1.59.0 want: ^1.2.9
130 silly placeDep ROOT execa@5.1.1 OK for: elevenlabs@1.59.0 want: ^5.1.1
131 silly placeDep ROOT form-data@4.0.5 OK for: elevenlabs@1.59.0 want: ^4.0.0
132 silly placeDep ROOT form-data-encoder@4.1.0 OK for: elevenlabs@1.59.0 want: ^4.0.2
133 silly placeDep ROOT formdata-node@6.0.3 OK for: elevenlabs@1.59.0 want: ^6.0.3
134 silly placeDep ROOT node-fetch@2.7.0 OK for: elevenlabs@1.59.0 want: ^2.7.0
135 silly placeDep ROOT qs@6.14.1 OK for: elevenlabs@1.59.0 want: ^6.13.1
136 silly placeDep ROOT readable-stream@4.7.0 OK for: elevenlabs@1.59.0 want: ^4.5.2
137 silly placeDep ROOT url-join@4.0.1 OK for: elevenlabs@1.59.0 want: 4.0.1
138 silly fetch manifest onetime@^5.1.2
139 silly packumentCache full:https://registry.npmjs.org/onetime cache-miss
140 silly fetch manifest is-stream@^2.0.0
141 silly packumentCache full:https://registry.npmjs.org/is-stream cache-miss
142 silly fetch manifest get-stream@^6.0.0
143 silly packumentCache full:https://registry.npmjs.org/get-stream cache-miss
144 silly fetch manifest signal-exit@^3.0.3
145 silly packumentCache full:https://registry.npmjs.org/signal-exit cache-miss
146 silly fetch manifest merge-stream@^2.0.0
147 silly packumentCache full:https://registry.npmjs.org/merge-stream cache-miss
148 silly fetch manifest npm-run-path@^4.0.1
149 silly packumentCache full:https://registry.npmjs.org/npm-run-path cache-miss
150 silly fetch manifest human-signals@^2.1.0
151 silly packumentCache full:https://registry.npmjs.org/human-signals cache-miss
152 silly fetch manifest strip-final-newline@^2.0.0
153 silly packumentCache full:https://registry.npmjs.org/strip-final-newline cache-miss
154 silly fetch manifest asynckit@^0.4.0
155 silly packumentCache full:https://registry.npmjs.org/asynckit cache-miss
156 http fetch GET 200 https://registry.npmjs.org/is-stream 37ms (cache miss)
157 silly packumentCache full:https://registry.npmjs.org/is-stream set size:undefined disposed:false
158 silly fetch manifest combined-stream@^1.0.8
159 silly packumentCache full:https://registry.npmjs.org/combined-stream cache-miss
160 http fetch GET 200 https://registry.npmjs.org/npm-run-path 44ms (cache miss)
161 silly packumentCache full:https://registry.npmjs.org/npm-run-path set size:undefined disposed:false
162 silly fetch manifest mime-types@^2.1.12
163 silly packumentCache full:https://registry.npmjs.org/mime-types cache-miss
164 http fetch GET 200 https://registry.npmjs.org/merge-stream 46ms (cache miss)
165 silly packumentCache full:https://registry.npmjs.org/merge-stream set size:undefined disposed:false
166 silly fetch manifest whatwg-url@^5.0.0
167 silly packumentCache full:https://registry.npmjs.org/whatwg-url cache-miss
168 http fetch GET 200 https://registry.npmjs.org/onetime 49ms (cache miss)
169 silly packumentCache full:https://registry.npmjs.org/onetime set size:undefined disposed:false
170 silly fetch manifest abort-controller@^3.0.0
171 silly packumentCache full:https://registry.npmjs.org/abort-controller cache-miss
172 http fetch GET 200 https://registry.npmjs.org/strip-final-newline 50ms (cache miss)
173 silly packumentCache full:https://registry.npmjs.org/strip-final-newline set size:undefined disposed:false
174 silly fetch manifest buffer@^6.0.3
175 silly packumentCache full:https://registry.npmjs.org/buffer cache-miss
176 http fetch GET 200 https://registry.npmjs.org/asynckit 50ms (cache miss)
177 silly packumentCache full:https://registry.npmjs.org/asynckit set size:undefined disposed:false
178 silly fetch manifest events@^3.3.0
179 silly packumentCache full:https://registry.npmjs.org/events cache-miss
180 http fetch GET 200 https://registry.npmjs.org/human-signals 64ms (cache miss)
181 silly packumentCache full:https://registry.npmjs.org/human-signals set size:undefined disposed:false
182 silly fetch manifest process@^0.11.10
183 silly packumentCache full:https://registry.npmjs.org/process cache-miss
184 http fetch GET 200 https://registry.npmjs.org/signal-exit 68ms (cache miss)
185 silly packumentCache full:https://registry.npmjs.org/signal-exit set size:undefined disposed:false
186 silly fetch manifest string_decoder@^1.3.0
187 silly packumentCache full:https://registry.npmjs.org/string_decoder cache-miss
188 http fetch GET 200 https://registry.npmjs.org/combined-stream 72ms (cache miss)
189 silly packumentCache full:https://registry.npmjs.org/combined-stream set size:undefined disposed:false
190 http fetch GET 200 https://registry.npmjs.org/abort-controller 70ms (cache miss)
191 silly packumentCache full:https://registry.npmjs.org/abort-controller set size:undefined disposed:false
192 http fetch GET 200 https://registry.npmjs.org/buffer 78ms (cache miss)
193 silly packumentCache full:https://registry.npmjs.org/buffer set size:undefined disposed:false
194 http fetch GET 200 https://registry.npmjs.org/mime-types 100ms (cache miss)
195 silly packumentCache full:https://registry.npmjs.org/mime-types set size:undefined disposed:false
196 http fetch GET 200 https://registry.npmjs.org/events 98ms (cache miss)
197 silly packumentCache full:https://registry.npmjs.org/events set size:undefined disposed:false
198 http fetch GET 200 https://registry.npmjs.org/get-stream 150ms (cache miss)
199 silly packumentCache full:https://registry.npmjs.org/get-stream set size:undefined disposed:false
200 http fetch GET 200 https://registry.npmjs.org/process 87ms (cache miss)
201 silly packumentCache full:https://registry.npmjs.org/process set size:undefined disposed:false
202 http fetch GET 200 https://registry.npmjs.org/string_decoder 84ms (cache miss)
203 silly packumentCache full:https://registry.npmjs.org/string_decoder set size:undefined disposed:false
204 http fetch GET 200 https://registry.npmjs.org/whatwg-url 391ms (cache miss)
205 silly packumentCache full:https://registry.npmjs.org/whatwg-url set size:undefined disposed:false
206 silly placeDep ROOT get-stream@6.0.1 OK for: execa@5.1.1 want: ^6.0.0
207 silly placeDep ROOT human-signals@2.1.0 OK for: execa@5.1.1 want: ^2.1.0
208 silly placeDep ROOT is-stream@2.0.1 OK for: execa@5.1.1 want: ^2.0.0
209 silly placeDep ROOT merge-stream@2.0.0 OK for: execa@5.1.1 want: ^2.0.0
210 silly placeDep ROOT npm-run-path@4.0.1 OK for: execa@5.1.1 want: ^4.0.1
211 silly placeDep ROOT onetime@5.1.2 OK for: execa@5.1.1 want: ^5.1.2
212 silly placeDep ROOT signal-exit@3.0.7 OK for: execa@5.1.1 want: ^3.0.3
213 silly placeDep ROOT strip-final-newline@2.0.0 OK for: execa@5.1.1 want: ^2.0.0
214 silly fetch manifest mimic-fn@^2.1.0
215 silly packumentCache full:https://registry.npmjs.org/mimic-fn cache-miss
216 http fetch GET 200 https://registry.npmjs.org/mimic-fn 46ms (cache miss)
217 silly packumentCache full:https://registry.npmjs.org/mimic-fn set size:undefined disposed:false
218 silly placeDep ROOT asynckit@0.4.0 OK for: form-data@4.0.5 want: ^0.4.0
219 silly placeDep ROOT combined-stream@1.0.8 OK for: form-data@4.0.5 want: ^1.0.8
220 silly placeDep ROOT mime-types@2.1.35 OK for: form-data@4.0.5 want: ^2.1.12
221 silly fetch manifest delayed-stream@~1.0.0
222 silly packumentCache full:https://registry.npmjs.org/delayed-stream cache-miss
223 silly fetch manifest mime-db@1.52.0
224 silly packumentCache full:https://registry.npmjs.org/mime-db cache-miss
225 http fetch GET 200 https://registry.npmjs.org/mime-db 44ms (cache miss)
226 silly packumentCache full:https://registry.npmjs.org/mime-db set size:undefined disposed:false
227 http fetch GET 200 https://registry.npmjs.org/delayed-stream 50ms (cache miss)
228 silly packumentCache full:https://registry.npmjs.org/delayed-stream set size:undefined disposed:false
229 silly placeDep ROOT delayed-stream@1.0.0 OK for: combined-stream@1.0.8 want: ~1.0.0
230 silly placeDep ROOT agent-base@7.1.4 OK for: http-cookie-agent@7.0.3 want: ^7.1.4
231 silly placeDep ROOT mime-db@1.52.0 OK for: mime-types@2.1.35 want: 1.52.0
232 silly placeDep ROOT whatwg-url@5.0.0 OK for: node-fetch@2.7.0 want: ^5.0.0
233 silly fetch manifest tr46@~0.0.3
234 silly packumentCache full:https://registry.npmjs.org/tr46 cache-miss
235 silly fetch manifest webidl-conversions@^3.0.0
236 silly packumentCache full:https://registry.npmjs.org/webidl-conversions cache-miss
237 http fetch GET 200 https://registry.npmjs.org/webidl-conversions 47ms (cache miss)
238 silly packumentCache full:https://registry.npmjs.org/webidl-conversions set size:undefined disposed:false
239 http fetch GET 200 https://registry.npmjs.org/tr46 885ms (cache miss)
240 silly packumentCache full:https://registry.npmjs.org/tr46 set size:undefined disposed:false
241 silly placeDep ROOT mimic-fn@2.1.0 OK for: onetime@5.1.2 want: ^2.1.0
242 silly placeDep ROOT abort-controller@3.0.0 OK for: readable-stream@4.7.0 want: ^3.0.0
243 silly placeDep ROOT buffer@6.0.3 OK for: readable-stream@4.7.0 want: ^6.0.3
244 silly placeDep ROOT events@3.3.0 OK for: readable-stream@4.7.0 want: ^3.3.0
245 silly placeDep ROOT process@0.11.10 OK for: readable-stream@4.7.0 want: ^0.11.10
246 silly placeDep ROOT string_decoder@1.3.0 OK for: readable-stream@4.7.0 want: ^1.3.0
247 silly fetch manifest event-target-shim@^5.0.0
248 silly packumentCache full:https://registry.npmjs.org/event-target-shim cache-miss
249 silly fetch manifest base64-js@^1.3.1
250 silly packumentCache full:https://registry.npmjs.org/base64-js cache-miss
251 silly fetch manifest ieee754@^1.2.1
252 silly packumentCache full:https://registry.npmjs.org/ieee754 cache-miss
253 silly fetch manifest safe-buffer@~5.2.0
254 silly packumentCache full:https://registry.npmjs.org/safe-buffer cache-miss
255 http fetch GET 200 https://registry.npmjs.org/base64-js 53ms (cache miss)
256 silly packumentCache full:https://registry.npmjs.org/base64-js set size:undefined disposed:false
257 http fetch GET 200 https://registry.npmjs.org/safe-buffer 59ms (cache miss)
258 silly packumentCache full:https://registry.npmjs.org/safe-buffer set size:undefined disposed:false
259 http fetch GET 200 https://registry.npmjs.org/event-target-shim 64ms (cache miss)
260 silly packumentCache full:https://registry.npmjs.org/event-target-shim set size:undefined disposed:false
261 http fetch GET 200 https://registry.npmjs.org/ieee754 77ms (cache miss)
262 silly packumentCache full:https://registry.npmjs.org/ieee754 set size:undefined disposed:false
263 silly placeDep ROOT event-target-shim@5.0.1 OK for: abort-controller@3.0.0 want: ^5.0.0
264 silly placeDep ROOT base64-js@1.5.1 OK for: buffer@6.0.3 want: ^1.3.1
265 silly placeDep ROOT ieee754@1.2.1 OK for: buffer@6.0.3 want: ^1.2.1
266 silly placeDep ROOT safe-buffer@5.2.1 OK for: string_decoder@1.3.0 want: ~5.2.0
267 silly placeDep ROOT tldts@6.1.86 OK for: tough-cookie@5.1.2 want: ^6.1.32
268 silly fetch manifest tldts-core@^6.1.86
269 silly packumentCache full:https://registry.npmjs.org/tldts-core cache-miss
270 http fetch GET 200 https://registry.npmjs.org/tldts-core 1082ms (cache miss)
271 silly packumentCache full:https://registry.npmjs.org/tldts-core set size:undefined disposed:false
272 silly placeDep ROOT tldts-core@6.1.86 OK for: tldts@6.1.86 want: ^6.1.86
273 silly placeDep ROOT tr46@0.0.3 OK for: whatwg-url@5.0.0 want: ~0.0.3
274 silly placeDep ROOT webidl-conversions@3.0.1 OK for: whatwg-url@5.0.0 want: ^3.0.0
275 silly reify moves {}
276 silly audit bulk request {
276 silly audit   '@alloc/quick-lru': [ '5.2.0' ],
276 silly audit   '@babel/code-frame': [ '7.28.6' ],
276 silly audit   '@babel/compat-data': [ '7.28.6' ],
276 silly audit   '@babel/core': [ '7.28.6' ],
276 silly audit   '@babel/generator': [ '7.28.6' ],
276 silly audit   '@babel/helper-compilation-targets': [ '7.28.6' ],
276 silly audit   '@babel/helper-globals': [ '7.28.0' ],
276 silly audit   '@babel/helper-module-imports': [ '7.28.6' ],
276 silly audit   '@babel/helper-module-transforms': [ '7.28.6' ],
276 silly audit   '@babel/helper-string-parser': [ '7.27.1' ],
276 silly audit   '@babel/helper-validator-identifier': [ '7.28.5' ],
276 silly audit   '@babel/helper-validator-option': [ '7.27.1' ],
276 silly audit   '@babel/helpers': [ '7.28.6' ],
276 silly audit   '@babel/parser': [ '7.28.6' ],
276 silly audit   '@babel/template': [ '7.28.6' ],
276 silly audit   '@babel/traverse': [ '7.28.6' ],
276 silly audit   '@babel/types': [ '7.28.6' ],
276 silly audit   '@emnapi/core': [ '1.8.1' ],
276 silly audit   '@emnapi/runtime': [ '1.8.1' ],
276 silly audit   '@emnapi/wasi-threads': [ '1.1.0' ],
276 silly audit   '@eslint-community/eslint-utils': [ '4.9.1' ],
276 silly audit   'eslint-visitor-keys': [ '3.4.3', '4.2.1' ],
276 silly audit   '@eslint-community/regexpp': [ '4.12.2' ],
276 silly audit   '@eslint/config-array': [ '0.21.1' ],
276 silly audit   '@eslint/config-helpers': [ '0.4.2' ],
276 silly audit   '@eslint/core': [ '0.17.0' ],
276 silly audit   '@eslint/eslintrc': [ '3.3.3' ],
276 silly audit   '@eslint/js': [ '9.39.2' ],
276 silly audit   '@eslint/object-schema': [ '2.1.7' ],
276 silly audit   '@eslint/plugin-kit': [ '0.4.1' ],
276 silly audit   '@humanfs/core': [ '0.19.1' ],
276 silly audit   '@humanfs/node': [ '0.16.7' ],
276 silly audit   '@humanwhocodes/module-importer': [ '1.0.1' ],
276 silly audit   '@humanwhocodes/retry': [ '0.4.3' ],
276 silly audit   '@img/colour': [ '1.0.0' ],
276 silly audit   '@img/sharp-darwin-arm64': [ '0.34.5' ],
276 silly audit   '@img/sharp-darwin-x64': [ '0.34.5' ],
276 silly audit   '@img/sharp-libvips-darwin-arm64': [ '1.2.4' ],
276 silly audit   '@img/sharp-libvips-darwin-x64': [ '1.2.4' ],
276 silly audit   '@img/sharp-libvips-linux-arm': [ '1.2.4' ],
276 silly audit   '@img/sharp-libvips-linux-arm64': [ '1.2.4' ],
276 silly audit   '@img/sharp-libvips-linux-ppc64': [ '1.2.4' ],
276 silly audit   '@img/sharp-libvips-linux-riscv64': [ '1.2.4' ],
276 silly audit   '@img/sharp-libvips-linux-s390x': [ '1.2.4' ],
276 silly audit   '@img/sharp-libvips-linux-x64': [ '1.2.4' ],
276 silly audit   '@img/sharp-libvips-linuxmusl-arm64': [ '1.2.4' ],
276 silly audit   '@img/sharp-libvips-linuxmusl-x64': [ '1.2.4' ],
276 silly audit   '@img/sharp-linux-arm': [ '0.34.5' ],
276 silly audit   '@img/sharp-linux-arm64': [ '0.34.5' ],
276 silly audit   '@img/sharp-linux-ppc64': [ '0.34.5' ],
276 silly audit   '@img/sharp-linux-riscv64': [ '0.34.5' ],
276 silly audit   '@img/sharp-linux-s390x': [ '0.34.5' ],
276 silly audit   '@img/sharp-linux-x64': [ '0.34.5' ],
276 silly audit   '@img/sharp-linuxmusl-arm64': [ '0.34.5' ],
276 silly audit   '@img/sharp-linuxmusl-x64': [ '0.34.5' ],
276 silly audit   '@img/sharp-wasm32': [ '0.34.5' ],
276 silly audit   '@img/sharp-win32-arm64': [ '0.34.5' ],
276 silly audit   '@img/sharp-win32-ia32': [ '0.34.5' ],
276 silly audit   '@img/sharp-win32-x64': [ '0.34.5' ],
276 silly audit   '@jridgewell/gen-mapping': [ '0.3.13' ],
276 silly audit   '@jridgewell/remapping': [ '2.3.5' ],
276 silly audit   '@jridgewell/resolve-uri': [ '3.1.2' ],
276 silly audit   '@jridgewell/sourcemap-codec': [ '1.5.5' ],
276 silly audit   '@jridgewell/trace-mapping': [ '0.3.31' ],
276 silly audit   '@napi-rs/wasm-runtime': [ '0.2.12' ],
276 silly audit   '@next/env': [ '16.1.2' ],
276 silly audit   '@next/eslint-plugin-next': [ '16.1.2' ],
276 silly audit   '@next/swc-darwin-arm64': [ '16.1.2' ],
276 silly audit   '@next/swc-darwin-x64': [ '16.1.2' ],
276 silly audit   '@next/swc-linux-arm64-gnu': [ '16.1.2' ],
276 silly audit   '@next/swc-linux-arm64-musl': [ '16.1.2' ],
276 silly audit   '@next/swc-linux-x64-gnu': [ '16.1.2' ],
276 silly audit   '@next/swc-linux-x64-musl': [ '16.1.2' ],
276 silly audit   '@next/swc-win32-arm64-msvc': [ '16.1.2' ],
276 silly audit   '@next/swc-win32-x64-msvc': [ '16.1.2' ],
276 silly audit   '@nodelib/fs.scandir': [ '2.1.5' ],
276 silly audit   '@nodelib/fs.stat': [ '2.0.5' ],
276 silly audit   '@nodelib/fs.walk': [ '1.2.8' ],
276 silly audit   '@nolyfill/is-core-module': [ '1.0.39' ],
276 silly audit   '@rtsao/scc': [ '1.1.0' ],
276 silly audit   '@swc/helpers': [ '0.5.15' ],
276 silly audit   '@tailwindcss/node': [ '4.1.18' ],
276 silly audit   '@tailwindcss/oxide': [ '4.1.18' ],
276 silly audit   '@tailwindcss/oxide-android-arm64': [ '4.1.18' ],
276 silly audit   '@tailwindcss/oxide-darwin-arm64': [ '4.1.18' ],
276 silly audit   '@tailwindcss/oxide-darwin-x64': [ '4.1.18' ],
276 silly audit   '@tailwindcss/oxide-freebsd-x64': [ '4.1.18' ],
276 silly audit   '@tailwindcss/oxide-linux-arm-gnueabihf': [ '4.1.18' ],
276 silly audit   '@tailwindcss/oxide-linux-arm64-gnu': [ '4.1.18' ],
276 silly audit   '@tailwindcss/oxide-linux-arm64-musl': [ '4.1.18' ],
276 silly audit   '@tailwindcss/oxide-linux-x64-gnu': [ '4.1.18' ],
276 silly audit   '@tailwindcss/oxide-linux-x64-musl': [ '4.1.18' ],
276 silly audit   '@tailwindcss/oxide-wasm32-wasi': [ '4.1.18' ],
276 silly audit   '@tailwindcss/oxide-win32-arm64-msvc': [ '4.1.18' ],
276 silly audit   '@tailwindcss/oxide-win32-x64-msvc': [ '4.1.18' ],
276 silly audit   '@tailwindcss/postcss': [ '4.1.18' ],
276 silly audit   '@tybys/wasm-util': [ '0.10.1' ],
276 silly audit   '@types/estree': [ '1.0.8' ],
276 silly audit   '@types/json-schema': [ '7.0.15' ],
276 silly audit   '@types/json5': [ '0.0.29' ],
276 silly audit   '@types/node': [ '20.19.30' ],
276 silly audit   '@types/react': [ '19.2.8' ],
276 silly audit   '@types/react-dom': [ '19.2.3' ],
276 silly audit   '@typescript-eslint/eslint-plugin': [ '8.53.0' ],
276 silly audit   ignore: [ '7.0.5', '5.3.2' ],
276 silly audit   '@typescript-eslint/parser': [ '8.53.0' ],
276 silly audit   '@typescript-eslint/project-service': [ '8.53.0' ],
276 silly audit   '@typescript-eslint/scope-manager': [ '8.53.0' ],
276 silly audit   '@typescript-eslint/tsconfig-utils': [ '8.53.0' ],
276 silly audit   '@typescript-eslint/type-utils': [ '8.53.0' ],
276 silly audit   '@typescript-eslint/types': [ '8.53.0' ],
276 silly audit   '@typescript-eslint/typescript-estree': [ '8.53.0' ],
276 silly audit   'brace-expansion': [ '2.0.2', '1.1.12' ],
276 silly audit   minimatch: [ '9.0.5', '3.1.2' ],
276 silly audit   semver: [ '7.7.3', '6.3.1' ],
276 silly audit   '@typescript-eslint/utils': [ '8.53.0' ],
276 silly audit   '@typescript-eslint/visitor-keys': [ '8.53.0' ],
276 silly audit   '@unrs/resolver-binding-android-arm-eabi': [ '1.11.1' ],
276 silly audit   '@unrs/resolver-binding-android-arm64': [ '1.11.1' ],
276 silly audit   '@unrs/resolver-binding-darwin-arm64': [ '1.11.1' ],
276 silly audit   '@unrs/resolver-binding-darwin-x64': [ '1.11.1' ],
276 silly audit   '@unrs/resolver-binding-freebsd-x64': [ '1.11.1' ],
276 silly audit   '@unrs/resolver-binding-linux-arm-gnueabihf': [ '1.11.1' ],
276 silly audit   '@unrs/resolver-binding-linux-arm-musleabihf': [ '1.11.1' ],
276 silly audit   '@unrs/resolver-binding-linux-arm64-gnu': [ '1.11.1' ],
276 silly audit   '@unrs/resolver-binding-linux-arm64-musl': [ '1.11.1' ],
276 silly audit   '@unrs/resolver-binding-linux-ppc64-gnu': [ '1.11.1' ],
276 silly audit   '@unrs/resolver-binding-linux-riscv64-gnu': [ '1.11.1' ],
276 silly audit   '@unrs/resolver-binding-linux-riscv64-musl': [ '1.11.1' ],
276 silly audit   '@unrs/resolver-binding-linux-s390x-gnu': [ '1.11.1' ],
276 silly audit   '@unrs/resolver-binding-linux-x64-gnu': [ '1.11.1' ],
276 silly audit   '@unrs/resolver-binding-linux-x64-musl': [ '1.11.1' ],
276 silly audit   '@unrs/resolver-binding-wasm32-wasi': [ '1.11.1' ],
276 silly audit   '@unrs/resolver-binding-win32-arm64-msvc': [ '1.11.1' ],
276 silly audit   '@unrs/resolver-binding-win32-ia32-msvc': [ '1.11.1' ],
276 silly audit   '@unrs/resolver-binding-win32-x64-msvc': [ '1.11.1' ],
276 silly audit   acorn: [ '8.15.0' ],
276 silly audit   'acorn-jsx': [ '5.3.2' ],
276 silly audit   ajv: [ '6.12.6' ],
276 silly audit   'ansi-styles': [ '4.3.0' ],
276 silly audit   argparse: [ '2.0.1' ],
276 silly audit   'aria-query': [ '5.3.2' ],
276 silly audit   'array-buffer-byte-length': [ '1.0.2' ],
276 silly audit   'array-includes': [ '3.1.9' ],
276 silly audit   'array.prototype.findlast': [ '1.2.5' ],
276 silly audit   'array.prototype.findlastindex': [ '1.2.6' ],
276 silly audit   'array.prototype.flat': [ '1.3.3' ],
276 silly audit   'array.prototype.flatmap': [ '1.3.3' ],
276 silly audit   'array.prototype.tosorted': [ '1.1.4' ],
276 silly audit   'arraybuffer.prototype.slice': [ '1.0.4' ],
276 silly audit   'ast-types-flow': [ '0.0.8' ],
276 silly audit   'async-function': [ '1.0.0' ],
276 silly audit   'available-typed-arrays': [ '1.0.7' ],
276 silly audit   'axe-core': [ '4.11.1' ],
276 silly audit   'axobject-query': [ '4.1.0' ],
276 silly audit   'balanced-match': [ '1.0.2' ],
276 silly audit   'baseline-browser-mapping': [ '2.9.14' ],
276 silly audit   braces: [ '3.0.3' ],
276 silly audit   browserslist: [ '4.28.1' ],
276 silly audit   'call-bind': [ '1.0.8' ],
276 silly audit   'call-bind-apply-helpers': [ '1.0.2' ],
276 silly audit   'call-bound': [ '1.0.4' ],
276 silly audit   callsites: [ '3.1.0' ],
276 silly audit   'caniuse-lite': [ '1.0.30001764' ],
276 silly audit   chalk: [ '4.1.2' ],
276 silly audit   'client-only': [ '0.0.1' ],
276 silly audit   'color-convert': [ '2.0.1' ],
276 silly audit   'color-name': [ '1.1.4' ],
276 silly audit   'concat-map': [ '0.0.1' ],
276 silly audit   'convert-source-map': [ '2.0.0' ],
276 silly audit   'cross-spawn': [ '7.0.6' ],
276 silly audit   csstype: [ '3.2.3' ],
276 silly audit   'damerau-levenshtein': [ '1.0.8' ],
276 silly audit   'data-view-buffer': [ '1.0.2' ],
276 silly audit   'data-view-byte-length': [ '1.0.2' ],
276 silly audit   'data-view-byte-offset': [ '1.0.1' ],
276 silly audit   debug: [ '4.4.3', '3.2.7' ],
276 silly audit   'deep-is': [ '0.1.4' ],
276 silly audit   'define-data-property': [ '1.1.4' ],
276 silly audit   'define-properties': [ '1.2.1' ],
276 silly audit   'detect-libc': [ '2.1.2' ],
276 silly audit   doctrine: [ '2.1.0' ],
276 silly audit   'dunder-proto': [ '1.0.1' ],
276 silly audit   'electron-to-chromium': [ '1.5.267' ],
276 silly audit   'emoji-regex': [ '9.2.2' ],
276 silly audit   'enhanced-resolve': [ '5.18.4' ],
276 silly audit   'es-abstract': [ '1.24.1' ],
276 silly audit   'es-define-property': [ '1.0.1' ],
276 silly audit   'es-errors': [ '1.3.0' ],
276 silly audit   'es-iterator-helpers': [ '1.2.2' ],
276 silly audit   'es-object-atoms': [ '1.1.1' ],
276 silly audit   'es-set-tostringtag': [ '2.1.0' ],
276 silly audit   'es-shim-unscopables': [ '1.1.0' ],
276 silly audit   'es-to-primitive': [ '1.3.0' ],
276 silly audit   escalade: [ '3.2.0' ],
276 silly audit   'escape-string-regexp': [ '4.0.0' ],
276 silly audit   eslint: [ '9.39.2' ],
276 silly audit   'eslint-config-next': [ '16.1.2' ],
276 silly audit   globals: [ '16.4.0', '14.0.0' ],
276 silly audit   'eslint-import-resolver-node': [ '0.3.9' ],
276 silly audit   'eslint-import-resolver-typescript': [ '3.10.1' ],
276 silly audit   'eslint-module-utils': [ '2.12.1' ],
276 silly audit   'eslint-plugin-import': [ '2.32.0' ],
276 silly audit   'eslint-plugin-jsx-a11y': [ '6.10.2' ],
276 silly audit   'eslint-plugin-react': [ '7.37.5' ],
276 silly audit   'eslint-plugin-react-hooks': [ '7.0.1' ],
276 silly audit   resolve: [ '2.0.0-next.5', '1.22.11' ],
276 silly audit   'eslint-scope': [ '8.4.0' ],
276 silly audit   espree: [ '10.4.0' ],
276 silly audit   esquery: [ '1.7.0' ],
276 silly audit   esrecurse: [ '4.3.0' ],
276 silly audit   estraverse: [ '5.3.0' ],
276 silly audit   esutils: [ '2.0.3' ],
276 silly audit   'fast-deep-equal': [ '3.1.3' ],
276 silly audit   'fast-glob': [ '3.3.1' ],
276 silly audit   'glob-parent': [ '5.1.2', '6.0.2' ],
276 silly audit   'fast-json-stable-stringify': [ '2.1.0' ],
276 silly audit   'fast-levenshtein': [ '2.0.6' ],
276 silly audit   fastq: [ '1.20.1' ],
276 silly audit   'file-entry-cache': [ '8.0.0' ],
276 silly audit   'fill-range': [ '7.1.1' ],
276 silly audit   'find-up': [ '5.0.0' ],
276 silly audit   'flat-cache': [ '4.0.1' ],
276 silly audit   flatted: [ '3.3.3' ],
276 silly audit   'for-each': [ '0.3.5' ],
276 silly audit   'function-bind': [ '1.1.2' ],
276 silly audit   'function.prototype.name': [ '1.1.8' ],
276 silly audit   'functions-have-names': [ '1.2.3' ],
276 silly audit   'generator-function': [ '2.0.1' ],
276 silly audit   gensync: [ '1.0.0-beta.2' ],
276 silly audit   'get-intrinsic': [ '1.3.0' ],
276 silly audit   'get-proto': [ '1.0.1' ],
276 silly audit   'get-symbol-description': [ '1.1.0' ],
276 silly audit   'get-tsconfig': [ '4.13.0' ],
276 silly audit   globalthis: [ '1.0.4' ],
276 silly audit   gopd: [ '1.2.0' ],
276 silly audit   'graceful-fs': [ '4.2.11' ],
276 silly audit   'has-bigints': [ '1.1.0' ],
276 silly audit   'has-flag': [ '4.0.0' ],
276 silly audit   'has-property-descriptors': [ '1.0.2' ],
276 silly audit   'has-proto': [ '1.2.0' ],
276 silly audit   'has-symbols': [ '1.1.0' ],
276 silly audit   'has-tostringtag': [ '1.0.2' ],
276 silly audit   hasown: [ '2.0.2' ],
276 silly audit   'hermes-estree': [ '0.25.1' ],
276 silly audit   'hermes-parser': [ '0.25.1' ],
276 silly audit   'import-fresh': [ '3.3.1' ],
276 silly audit   imurmurhash: [ '0.1.4' ],
276 silly audit   'internal-slot': [ '1.1.0' ],
276 silly audit   'is-array-buffer': [ '3.0.5' ],
276 silly audit   'is-async-function': [ '2.1.1' ],
276 silly audit   'is-bigint': [ '1.1.0' ],
276 silly audit   'is-boolean-object': [ '1.2.2' ],
276 silly audit   'is-bun-module': [ '2.0.0' ],
276 silly audit   'is-callable': [ '1.2.7' ],
276 silly audit   'is-core-module': [ '2.16.1' ],
276 silly audit   'is-data-view': [ '1.0.2' ],
276 silly audit   'is-date-object': [ '1.1.0' ],
276 silly audit   'is-extglob': [ '2.1.1' ],
276 silly audit   'is-finalizationregistry': [ '1.1.1' ],
276 silly audit   'is-generator-function': [ '1.1.2' ],
276 silly audit   'is-glob': [ '4.0.3' ],
276 silly audit   'is-map': [ '2.0.3' ],
276 silly audit   'is-negative-zero': [ '2.0.3' ],
276 silly audit   'is-number': [ '7.0.0' ],
276 silly audit   'is-number-object': [ '1.1.1' ],
276 silly audit   'is-regex': [ '1.2.1' ],
276 silly audit   'is-set': [ '2.0.3' ],
276 silly audit   'is-shared-array-buffer': [ '1.0.4' ],
276 silly audit   'is-string': [ '1.1.1' ],
276 silly audit   'is-symbol': [ '1.1.1' ],
276 silly audit   'is-typed-array': [ '1.1.15' ],
276 silly audit   'is-weakmap': [ '2.0.2' ],
276 silly audit   'is-weakref': [ '1.1.1' ],
276 silly audit   'is-weakset': [ '2.0.4' ],
276 silly audit   isarray: [ '2.0.5' ],
276 silly audit   isexe: [ '2.0.0' ],
276 silly audit   'iterator.prototype': [ '1.1.5' ],
276 silly audit   jiti: [ '2.6.1' ],
276 silly audit   'js-tokens': [ '4.0.0' ],
276 silly audit   'js-yaml': [ '4.1.1' ],
276 silly audit   jsesc: [ '3.1.0' ],
276 silly audit   'json-buffer': [ '3.0.1' ],
276 silly audit   'json-schema-traverse': [ '0.4.1' ],
276 silly audit   'json-stable-stringify-without-jsonify': [ '1.0.1' ],
276 silly audit   json5: [ '2.2.3', '1.0.2' ],
276 silly audit   'jsx-ast-utils': [ '3.3.5' ],
276 silly audit   keyv: [ '4.5.4' ],
276 silly audit   'language-subtag-registry': [ '0.3.23' ],
276 silly audit   'language-tags': [ '1.0.9' ],
276 silly audit   levn: [ '0.4.1' ],
276 silly audit   lightningcss: [ '1.30.2' ],
276 silly audit   'lightningcss-android-arm64': [ '1.30.2' ],
276 silly audit   'lightningcss-darwin-arm64': [ '1.30.2' ],
276 silly audit   'lightningcss-darwin-x64': [ '1.30.2' ],
276 silly audit   'lightningcss-freebsd-x64': [ '1.30.2' ],
276 silly audit   'lightningcss-linux-arm-gnueabihf': [ '1.30.2' ],
276 silly audit   'lightningcss-linux-arm64-gnu': [ '1.30.2' ],
276 silly audit   'lightningcss-linux-arm64-musl': [ '1.30.2' ],
276 silly audit   'lightningcss-linux-x64-gnu': [ '1.30.2' ],
276 silly audit   'lightningcss-linux-x64-musl': [ '1.30.2' ],
276 silly audit   'lightningcss-win32-arm64-msvc': [ '1.30.2' ],
276 silly audit   'lightningcss-win32-x64-msvc': [ '1.30.2' ],
276 silly audit   'locate-path': [ '6.0.0' ],
276 silly audit   'lodash.merge': [ '4.6.2' ],
276 silly audit   'loose-envify': [ '1.4.0' ],
276 silly audit   'lru-cache': [ '5.1.1' ],
276 silly audit   'magic-string': [ '0.30.21' ],
276 silly audit   'math-intrinsics': [ '1.1.0' ],
276 silly audit   merge2: [ '1.4.1' ],
276 silly audit   micromatch: [ '4.0.8' ],
276 silly audit   minimist: [ '1.2.8' ],
276 silly audit   ms: [ '2.1.3' ],
276 silly audit   nanoid: [ '3.3.11' ],
276 silly audit   'napi-postinstall': [ '0.3.4' ],
276 silly audit   'natural-compare': [ '1.4.0' ],
276 silly audit   next: [ '16.1.2' ],
276 silly audit   postcss: [ '8.4.31', '8.5.6' ],
276 silly audit   'node-releases': [ '2.0.27' ],
276 silly audit   'object-assign': [ '4.1.1' ],
276 silly audit   'object-inspect': [ '1.13.4' ],
276 silly audit   'object-keys': [ '1.1.1' ],
276 silly audit   'object.assign': [ '4.1.7' ],
276 silly audit   'object.entries': [ '1.1.9' ],
276 silly audit   'object.fromentries': [ '2.0.8' ],
276 silly audit   'object.groupby': [ '1.0.3' ],
276 silly audit   'object.values': [ '1.2.1' ],
276 silly audit   optionator: [ '0.9.4' ],
276 silly audit   'own-keys': [ '1.0.1' ],
276 silly audit   'p-limit': [ '3.1.0' ],
276 silly audit   'p-locate': [ '5.0.0' ],
276 silly audit   'parent-module': [ '1.0.1' ],
276 silly audit   'path-exists': [ '4.0.0' ],
276 silly audit   'path-key': [ '3.1.1' ],
276 silly audit   'path-parse': [ '1.0.7' ],
276 silly audit   picocolors: [ '1.1.1' ],
276 silly audit   picomatch: [ '2.3.1', '4.0.3' ],
276 silly audit   'possible-typed-array-names': [ '1.1.0' ],
276 silly audit   'prelude-ls': [ '1.2.1' ],
276 silly audit   'prop-types': [ '15.8.1' ],
276 silly audit   punycode: [ '2.3.1' ],
276 silly audit   'queue-microtask': [ '1.2.3' ],
276 silly audit   react: [ '19.2.3' ],
276 silly audit   'react-dom': [ '19.2.3' ],
276 silly audit   'react-is': [ '16.13.1' ],
276 silly audit   'reflect.getprototypeof': [ '1.0.10' ],
276 silly audit   'regexp.prototype.flags': [ '1.5.4' ],
276 silly audit   'resolve-from': [ '4.0.0' ],
276 silly audit   'resolve-pkg-maps': [ '1.0.0' ],
276 silly audit   reusify: [ '1.1.0' ],
276 silly audit   'run-parallel': [ '1.2.0' ],
276 silly audit   'safe-array-concat': [ '1.1.3' ],
276 silly audit   'safe-push-apply': [ '1.0.0' ],
276 silly audit   'safe-regex-test': [ '1.1.0' ],
276 silly audit   scheduler: [ '0.27.0' ],
276 silly audit   'set-function-length': [ '1.2.2' ],
276 silly audit   'set-function-name': [ '2.0.2' ],
276 silly audit   'set-proto': [ '1.0.0' ],
276 silly audit   sharp: [ '0.34.5' ],
276 silly audit   'shebang-command': [ '2.0.0' ],
276 silly audit   'shebang-regex': [ '3.0.0' ],
276 silly audit   'side-channel': [ '1.1.0' ],
276 silly audit   'side-channel-list': [ '1.0.0' ],
276 silly audit   'side-channel-map': [ '1.0.1' ],
276 silly audit   'side-channel-weakmap': [ '1.0.2' ],
276 silly audit   'source-map-js': [ '1.2.1' ],
276 silly audit   'stable-hash': [ '0.0.5' ],
276 silly audit   'stop-iteration-iterator': [ '1.1.0' ],
276 silly audit   'string.prototype.includes': [ '2.0.1' ],
276 silly audit   'string.prototype.matchall': [ '4.0.12' ],
276 silly audit   'string.prototype.repeat': [ '1.0.0' ],
276 silly audit   'string.prototype.trim': [ '1.2.10' ],
276 silly audit   'string.prototype.trimend': [ '1.0.9' ],
276 silly audit   'string.prototype.trimstart': [ '1.0.8' ],
276 silly audit   'strip-bom': [ '3.0.0' ],
276 silly audit   'strip-json-comments': [ '3.1.1' ],
276 silly audit   'styled-jsx': [ '5.1.6' ],
276 silly audit   'supports-color': [ '7.2.0' ],
276 silly audit   'supports-preserve-symlinks-flag': [ '1.0.0' ],
276 silly audit   tailwindcss: [ '4.1.18' ],
276 silly audit   tapable: [ '2.3.0' ],
276 silly audit   tinyglobby: [ '0.2.15' ],
276 silly audit   fdir: [ '6.5.0' ],
276 silly audit   'to-regex-range': [ '5.0.1' ],
276 silly audit   'ts-api-utils': [ '2.4.0' ],
276 silly audit   'tsconfig-paths': [ '3.15.0' ],
276 silly audit   tslib: [ '2.8.1' ],
276 silly audit   'type-check': [ '0.4.0' ],
276 silly audit   'typed-array-buffer': [ '1.0.3' ],
276 silly audit   'typed-array-byte-length': [ '1.0.3' ],
276 silly audit   'typed-array-byte-offset': [ '1.0.4' ],
276 silly audit   'typed-array-length': [ '1.0.7' ],
276 silly audit   typescript: [ '5.9.3' ],
276 silly audit   'typescript-eslint': [ '8.53.0' ],
276 silly audit   'unbox-primitive': [ '1.1.0' ],
276 silly audit   'undici-types': [ '6.21.0' ],
276 silly audit   'unrs-resolver': [ '1.11.1' ],
276 silly audit   'update-browserslist-db': [ '1.2.3' ],
276 silly audit   'uri-js': [ '4.4.1' ],
276 silly audit   which: [ '2.0.2' ],
276 silly audit   'which-boxed-primitive': [ '1.1.1' ],
276 silly audit   'which-builtin-type': [ '1.2.1' ],
276 silly audit   'which-collection': [ '1.0.2' ],
276 silly audit   'which-typed-array': [ '1.1.20' ],
276 silly audit   'word-wrap': [ '1.2.5' ],
276 silly audit   yallist: [ '3.1.1' ],
276 silly audit   'yocto-queue': [ '0.1.0' ],
276 silly audit   zod: [ '4.3.5' ],
276 silly audit   'zod-validation-error': [ '4.0.2' ],
276 silly audit   '@distube/ytdl-core': [ '4.16.12' ],
276 silly audit   elevenlabs: [ '1.59.0' ],
276 silly audit   'lucide-react': [ '0.562.0' ],
276 silly audit   'http-cookie-agent': [ '7.0.3' ],
276 silly audit   'tough-cookie': [ '5.1.2' ],
276 silly audit   'https-proxy-agent': [ '7.0.6' ],
276 silly audit   m3u8stream: [ '0.8.6' ],
276 silly audit   miniget: [ '4.2.3' ],
276 silly audit   sax: [ '1.4.4' ],
276 silly audit   undici: [ '7.18.2' ],
276 silly audit   'command-exists': [ '1.2.9' ],
276 silly audit   execa: [ '5.1.1' ],
276 silly audit   'form-data': [ '4.0.5' ],
276 silly audit   'form-data-encoder': [ '4.1.0' ],
276 silly audit   'formdata-node': [ '6.0.3' ],
276 silly audit   'node-fetch': [ '2.7.0' ],
276 silly audit   qs: [ '6.14.1' ],
276 silly audit   'readable-stream': [ '4.7.0' ],
276 silly audit   'url-join': [ '4.0.1' ],
276 silly audit   'get-stream': [ '6.0.1' ],
276 silly audit   'human-signals': [ '2.1.0' ],
276 silly audit   'is-stream': [ '2.0.1' ],
276 silly audit   'merge-stream': [ '2.0.0' ],
276 silly audit   'npm-run-path': [ '4.0.1' ],
276 silly audit   onetime: [ '5.1.2' ],
276 silly audit   'signal-exit': [ '3.0.7' ],
276 silly audit   'strip-final-newline': [ '2.0.0' ],
276 silly audit   asynckit: [ '0.4.0' ],
276 silly audit   'combined-stream': [ '1.0.8' ],
276 silly audit   'mime-types': [ '2.1.35' ],
276 silly audit   'delayed-stream': [ '1.0.0' ],
276 silly audit   'agent-base': [ '7.1.4' ],
276 silly audit   'mime-db': [ '1.52.0' ],
276 silly audit   'whatwg-url': [ '5.0.0' ],
276 silly audit   'mimic-fn': [ '2.1.0' ],
276 silly audit   'abort-controller': [ '3.0.0' ],
276 silly audit   buffer: [ '6.0.3' ],
276 silly audit   events: [ '3.3.0' ],
276 silly audit   process: [ '0.11.10' ],
276 silly audit   string_decoder: [ '1.3.0' ],
276 silly audit   'event-target-shim': [ '5.0.1' ],
276 silly audit   'base64-js': [ '1.5.1' ],
276 silly audit   ieee754: [ '1.2.1' ],
276 silly audit   'safe-buffer': [ '5.2.1' ],
276 silly audit   tldts: [ '6.1.86' ],
276 silly audit   'tldts-core': [ '6.1.86' ],
276 silly audit   tr46: [ '0.0.3' ],
276 silly audit   'webidl-conversions': [ '3.0.1' ]
276 silly audit }
277 http cache tldts@https://registry.npmjs.org/tldts/-/tldts-6.1.86.tgz 0ms (cache hit)
278 http cache safe-buffer@https://registry.npmjs.org/safe-buffer/-/safe-buffer-5.2.1.tgz 0ms (cache hit)
279 http cache tr46@https://registry.npmjs.org/tr46/-/tr46-0.0.3.tgz 0ms (cache hit)
280 http cache tldts-core@https://registry.npmjs.org/tldts-core/-/tldts-core-6.1.86.tgz 0ms (cache hit)
281 http cache event-target-shim@https://registry.npmjs.org/event-target-shim/-/event-target-shim-5.0.1.tgz 0ms (cache hit)
282 http cache string_decoder@https://registry.npmjs.org/string_decoder/-/string_decoder-1.3.0.tgz 0ms (cache hit)
283 http cache ieee754@https://registry.npmjs.org/ieee754/-/ieee754-1.2.1.tgz 0ms (cache hit)
284 http cache webidl-conversions@https://registry.npmjs.org/webidl-conversions/-/webidl-conversions-3.0.1.tgz 0ms (cache hit)
285 http cache base64-js@https://registry.npmjs.org/base64-js/-/base64-js-1.5.1.tgz 0ms (cache hit)
286 http cache events@https://registry.npmjs.org/events/-/events-3.3.0.tgz 0ms (cache hit)
287 http cache process@https://registry.npmjs.org/process/-/process-0.11.10.tgz 0ms (cache hit)
288 http cache buffer@https://registry.npmjs.org/buffer/-/buffer-6.0.3.tgz 0ms (cache hit)
289 http cache whatwg-url@https://registry.npmjs.org/whatwg-url/-/whatwg-url-5.0.0.tgz 0ms (cache hit)
290 http cache agent-base@https://registry.npmjs.org/agent-base/-/agent-base-7.1.4.tgz 0ms (cache hit)
291 http cache mimic-fn@https://registry.npmjs.org/mimic-fn/-/mimic-fn-2.1.0.tgz 0ms (cache hit)
292 http cache delayed-stream@https://registry.npmjs.org/delayed-stream/-/delayed-stream-1.0.0.tgz 0ms (cache hit)
293 http cache mime-types@https://registry.npmjs.org/mime-types/-/mime-types-2.1.35.tgz 0ms (cache hit)
294 http cache abort-controller@https://registry.npmjs.org/abort-controller/-/abort-controller-3.0.0.tgz 0ms (cache hit)
295 http cache combined-stream@https://registry.npmjs.org/combined-stream/-/combined-stream-1.0.8.tgz 0ms (cache hit)
296 http cache asynckit@https://registry.npmjs.org/asynckit/-/asynckit-0.4.0.tgz 0ms (cache hit)
297 http cache signal-exit@https://registry.npmjs.org/signal-exit/-/signal-exit-3.0.7.tgz 0ms (cache hit)
298 http cache strip-final-newline@https://registry.npmjs.org/strip-final-newline/-/strip-final-newline-2.0.0.tgz 0ms (cache hit)
299 http cache onetime@https://registry.npmjs.org/onetime/-/onetime-5.1.2.tgz 0ms (cache hit)
300 http cache npm-run-path@https://registry.npmjs.org/npm-run-path/-/npm-run-path-4.0.1.tgz 0ms (cache hit)
301 http cache mime-db@https://registry.npmjs.org/mime-db/-/mime-db-1.52.0.tgz 0ms (cache hit)
302 http cache merge-stream@https://registry.npmjs.org/merge-stream/-/merge-stream-2.0.0.tgz 0ms (cache hit)
303 http cache is-stream@https://registry.npmjs.org/is-stream/-/is-stream-2.0.1.tgz 0ms (cache hit)
304 http cache get-stream@https://registry.npmjs.org/get-stream/-/get-stream-6.0.1.tgz 0ms (cache hit)
305 http cache readable-stream@https://registry.npmjs.org/readable-stream/-/readable-stream-4.7.0.tgz 0ms (cache hit)
306 http cache human-signals@https://registry.npmjs.org/human-signals/-/human-signals-2.1.0.tgz 0ms (cache hit)
307 http cache url-join@https://registry.npmjs.org/url-join/-/url-join-4.0.1.tgz 0ms (cache hit)
308 http cache node-fetch@https://registry.npmjs.org/node-fetch/-/node-fetch-2.7.0.tgz 0ms (cache hit)
309 http cache qs@https://registry.npmjs.org/qs/-/qs-6.14.1.tgz 0ms (cache hit)
310 http cache form-data@https://registry.npmjs.org/form-data/-/form-data-4.0.5.tgz 0ms (cache hit)
311 http cache form-data-encoder@https://registry.npmjs.org/form-data-encoder/-/form-data-encoder-4.1.0.tgz 0ms (cache hit)
312 http cache execa@https://registry.npmjs.org/execa/-/execa-5.1.1.tgz 0ms (cache hit)
313 http cache formdata-node@https://registry.npmjs.org/formdata-node/-/formdata-node-6.0.3.tgz 0ms (cache hit)
314 http cache command-exists@https://registry.npmjs.org/command-exists/-/command-exists-1.2.9.tgz 0ms (cache hit)
315 http cache undici@https://registry.npmjs.org/undici/-/undici-7.18.2.tgz 0ms (cache hit)
316 http cache sax@https://registry.npmjs.org/sax/-/sax-1.4.4.tgz 0ms (cache hit)
317 http cache miniget@https://registry.npmjs.org/miniget/-/miniget-4.2.3.tgz 0ms (cache hit)
318 http cache m3u8stream@https://registry.npmjs.org/m3u8stream/-/m3u8stream-0.8.6.tgz 0ms (cache hit)
319 http cache tough-cookie@https://registry.npmjs.org/tough-cookie/-/tough-cookie-5.1.2.tgz 0ms (cache hit)
320 http cache elevenlabs@https://registry.npmjs.org/elevenlabs/-/elevenlabs-1.59.0.tgz 0ms (cache hit)
321 http cache lucide-react@https://registry.npmjs.org/lucide-react/-/lucide-react-0.562.0.tgz 0ms (cache hit)
322 http cache https-proxy-agent@https://registry.npmjs.org/https-proxy-agent/-/https-proxy-agent-7.0.6.tgz 0ms (cache hit)
323 http cache @distube/ytdl-core@https://registry.npmjs.org/@distube/ytdl-core/-/ytdl-core-4.16.12.tgz 0ms (cache hit)
324 http cache http-cookie-agent@https://registry.npmjs.org/http-cookie-agent/-/http-cookie-agent-7.0.3.tgz 0ms (cache hit)
325 silly tarball no local data for tldts@https://registry.npmjs.org/tldts/-/tldts-6.1.86.tgz. Extracting by manifest.
326 silly tarball no local data for safe-buffer@https://registry.npmjs.org/safe-buffer/-/safe-buffer-5.2.1.tgz. Extracting by manifest.
327 silly tarball no local data for tr46@https://registry.npmjs.org/tr46/-/tr46-0.0.3.tgz. Extracting by manifest.
328 silly tarball no local data for tldts-core@https://registry.npmjs.org/tldts-core/-/tldts-core-6.1.86.tgz. Extracting by manifest.
329 silly tarball no local data for event-target-shim@https://registry.npmjs.org/event-target-shim/-/event-target-shim-5.0.1.tgz. Extracting by manifest.
330 silly tarball no local data for string_decoder@https://registry.npmjs.org/string_decoder/-/string_decoder-1.3.0.tgz. Extracting by manifest.
331 silly tarball no local data for ieee754@https://registry.npmjs.org/ieee754/-/ieee754-1.2.1.tgz. Extracting by manifest.
332 silly tarball no local data for webidl-conversions@https://registry.npmjs.org/webidl-conversions/-/webidl-conversions-3.0.1.tgz. Extracting by manifest.
333 silly tarball no local data for base64-js@https://registry.npmjs.org/base64-js/-/base64-js-1.5.1.tgz. Extracting by manifest.
334 silly tarball no local data for events@https://registry.npmjs.org/events/-/events-3.3.0.tgz. Extracting by manifest.
335 silly tarball no local data for process@https://registry.npmjs.org/process/-/process-0.11.10.tgz. Extracting by manifest.
336 silly tarball no local data for buffer@https://registry.npmjs.org/buffer/-/buffer-6.0.3.tgz. Extracting by manifest.
337 silly tarball no local data for whatwg-url@https://registry.npmjs.org/whatwg-url/-/whatwg-url-5.0.0.tgz. Extracting by manifest.
338 silly tarball no local data for agent-base@https://registry.npmjs.org/agent-base/-/agent-base-7.1.4.tgz. Extracting by manifest.
339 silly tarball no local data for mimic-fn@https://registry.npmjs.org/mimic-fn/-/mimic-fn-2.1.0.tgz. Extracting by manifest.
340 silly tarball no local data for delayed-stream@https://registry.npmjs.org/delayed-stream/-/delayed-stream-1.0.0.tgz. Extracting by manifest.
341 silly tarball no local data for mime-types@https://registry.npmjs.org/mime-types/-/mime-types-2.1.35.tgz. Extracting by manifest.
342 silly tarball no local data for abort-controller@https://registry.npmjs.org/abort-controller/-/abort-controller-3.0.0.tgz. Extracting by manifest.
343 silly tarball no local data for combined-stream@https://registry.npmjs.org/combined-stream/-/combined-stream-1.0.8.tgz. Extracting by manifest.
344 silly tarball no local data for asynckit@https://registry.npmjs.org/asynckit/-/asynckit-0.4.0.tgz. Extracting by manifest.
345 silly tarball no local data for signal-exit@https://registry.npmjs.org/signal-exit/-/signal-exit-3.0.7.tgz. Extracting by manifest.
346 silly tarball no local data for strip-final-newline@https://registry.npmjs.org/strip-final-newline/-/strip-final-newline-2.0.0.tgz. Extracting by manifest.
347 silly tarball no local data for onetime@https://registry.npmjs.org/onetime/-/onetime-5.1.2.tgz. Extracting by manifest.
348 silly tarball no local data for npm-run-path@https://registry.npmjs.org/npm-run-path/-/npm-run-path-4.0.1.tgz. Extracting by manifest.
349 silly tarball no local data for mime-db@https://registry.npmjs.org/mime-db/-/mime-db-1.52.0.tgz. Extracting by manifest.
350 silly tarball no local data for merge-stream@https://registry.npmjs.org/merge-stream/-/merge-stream-2.0.0.tgz. Extracting by manifest.
351 silly tarball no local data for is-stream@https://registry.npmjs.org/is-stream/-/is-stream-2.0.1.tgz. Extracting by manifest.
352 silly tarball no local data for get-stream@https://registry.npmjs.org/get-stream/-/get-stream-6.0.1.tgz. Extracting by manifest.
353 silly tarball no local data for readable-stream@https://registry.npmjs.org/readable-stream/-/readable-stream-4.7.0.tgz. Extracting by manifest.
354 silly tarball no local data for human-signals@https://registry.npmjs.org/human-signals/-/human-signals-2.1.0.tgz. Extracting by manifest.
355 silly tarball no local data for url-join@https://registry.npmjs.org/url-join/-/url-join-4.0.1.tgz. Extracting by manifest.
356 silly tarball no local data for node-fetch@https://registry.npmjs.org/node-fetch/-/node-fetch-2.7.0.tgz. Extracting by manifest.
357 silly tarball no local data for qs@https://registry.npmjs.org/qs/-/qs-6.14.1.tgz. Extracting by manifest.
358 silly tarball no local data for form-data@https://registry.npmjs.org/form-data/-/form-data-4.0.5.tgz. Extracting by manifest.
359 silly tarball no local data for form-data-encoder@https://registry.npmjs.org/form-data-encoder/-/form-data-encoder-4.1.0.tgz. Extracting by manifest.
360 silly tarball no local data for execa@https://registry.npmjs.org/execa/-/execa-5.1.1.tgz. Extracting by manifest.
361 silly tarball no local data for formdata-node@https://registry.npmjs.org/formdata-node/-/formdata-node-6.0.3.tgz. Extracting by manifest.
362 silly tarball no local data for command-exists@https://registry.npmjs.org/command-exists/-/command-exists-1.2.9.tgz. Extracting by manifest.
363 silly tarball no local data for undici@https://registry.npmjs.org/undici/-/undici-7.18.2.tgz. Extracting by manifest.
364 silly tarball no local data for sax@https://registry.npmjs.org/sax/-/sax-1.4.4.tgz. Extracting by manifest.
365 silly tarball no local data for miniget@https://registry.npmjs.org/miniget/-/miniget-4.2.3.tgz. Extracting by manifest.
366 silly tarball no local data for m3u8stream@https://registry.npmjs.org/m3u8stream/-/m3u8stream-0.8.6.tgz. Extracting by manifest.
367 silly tarball no local data for tough-cookie@https://registry.npmjs.org/tough-cookie/-/tough-cookie-5.1.2.tgz. Extracting by manifest.
368 silly tarball no local data for elevenlabs@https://registry.npmjs.org/elevenlabs/-/elevenlabs-1.59.0.tgz. Extracting by manifest.
369 silly tarball no local data for lucide-react@https://registry.npmjs.org/lucide-react/-/lucide-react-0.562.0.tgz. Extracting by manifest.
370 silly tarball no local data for https-proxy-agent@https://registry.npmjs.org/https-proxy-agent/-/https-proxy-agent-7.0.6.tgz. Extracting by manifest.
371 silly tarball no local data for @distube/ytdl-core@https://registry.npmjs.org/@distube/ytdl-core/-/ytdl-core-4.16.12.tgz. Extracting by manifest.
372 silly tarball no local data for http-cookie-agent@https://registry.npmjs.org/http-cookie-agent/-/http-cookie-agent-7.0.3.tgz. Extracting by manifest.
373 http fetch GET 200 https://registry.npmjs.org/ieee754/-/ieee754-1.2.1.tgz 186ms (cache miss)
374 http fetch GET 200 https://registry.npmjs.org/base64-js/-/base64-js-1.5.1.tgz 190ms (cache miss)
375 http fetch GET 200 https://registry.npmjs.org/whatwg-url/-/whatwg-url-5.0.0.tgz 222ms (cache miss)
376 http fetch GET 200 https://registry.npmjs.org/delayed-stream/-/delayed-stream-1.0.0.tgz 235ms (cache miss)
377 http fetch GET 200 https://registry.npmjs.org/mime-types/-/mime-types-2.1.35.tgz 308ms (cache miss)
378 http fetch GET 200 https://registry.npmjs.org/event-target-shim/-/event-target-shim-5.0.1.tgz 369ms (cache miss)
379 http fetch POST 200 https://registry.npmjs.org/-/npm/v1/security/advisories/bulk 393ms
380 silly audit report {}
381 http fetch GET 200 https://registry.npmjs.org/process/-/process-0.11.10.tgz 484ms (cache miss)
382 http fetch GET 200 https://registry.npmjs.org/mimic-fn/-/mimic-fn-2.1.0.tgz 538ms (cache miss)
383 http fetch GET 200 https://registry.npmjs.org/strip-final-newline/-/strip-final-newline-2.0.0.tgz 580ms (cache miss)
384 http fetch GET 200 https://registry.npmjs.org/agent-base/-/agent-base-7.1.4.tgz 605ms (cache miss)
385 http fetch GET 200 https://registry.npmjs.org/onetime/-/onetime-5.1.2.tgz 623ms (cache miss)
386 http fetch GET 200 https://registry.npmjs.org/abort-controller/-/abort-controller-3.0.0.tgz 645ms (cache miss)
387 http fetch GET 200 https://registry.npmjs.org/combined-stream/-/combined-stream-1.0.8.tgz 679ms (cache miss)
388 http fetch GET 200 https://registry.npmjs.org/buffer/-/buffer-6.0.3.tgz 688ms (cache miss)
389 http fetch GET 200 https://registry.npmjs.org/merge-stream/-/merge-stream-2.0.0.tgz 700ms (cache miss)
390 http fetch GET 200 https://registry.npmjs.org/signal-exit/-/signal-exit-3.0.7.tgz 705ms (cache miss)
391 http fetch GET 200 https://registry.npmjs.org/is-stream/-/is-stream-2.0.1.tgz 724ms (cache miss)
392 http fetch GET 200 https://registry.npmjs.org/npm-run-path/-/npm-run-path-4.0.1.tgz 725ms (cache miss)
393 http fetch GET 200 https://registry.npmjs.org/get-stream/-/get-stream-6.0.1.tgz 787ms (cache miss)
394 http fetch GET 200 https://registry.npmjs.org/url-join/-/url-join-4.0.1.tgz 797ms (cache miss)
395 http fetch GET 200 https://registry.npmjs.org/tr46/-/tr46-0.0.3.tgz 853ms (cache miss)
396 http fetch GET 200 https://registry.npmjs.org/safe-buffer/-/safe-buffer-5.2.1.tgz 886ms (cache miss)
397 http fetch GET 200 https://registry.npmjs.org/form-data/-/form-data-4.0.5.tgz 908ms (cache miss)
398 http fetch GET 200 https://registry.npmjs.org/command-exists/-/command-exists-1.2.9.tgz 961ms (cache miss)
399 http fetch GET 200 https://registry.npmjs.org/qs/-/qs-6.14.1.tgz 971ms (cache miss)
400 http fetch GET 200 https://registry.npmjs.org/execa/-/execa-5.1.1.tgz 992ms (cache miss)
401 http fetch GET 200 https://registry.npmjs.org/miniget/-/miniget-4.2.3.tgz 1120ms (cache miss)
402 http fetch GET 200 https://registry.npmjs.org/readable-stream/-/readable-stream-4.7.0.tgz 1152ms (cache miss)
403 http fetch GET 200 https://registry.npmjs.org/form-data-encoder/-/form-data-encoder-4.1.0.tgz 1152ms (cache miss)
404 http fetch GET 200 https://registry.npmjs.org/node-fetch/-/node-fetch-2.7.0.tgz 1211ms (cache miss)
405 http fetch GET 200 https://registry.npmjs.org/asynckit/-/asynckit-0.4.0.tgz 1272ms (cache miss)
406 http fetch GET 200 https://registry.npmjs.org/https-proxy-agent/-/https-proxy-agent-7.0.6.tgz 1427ms (cache miss)
407 http fetch GET 200 https://registry.npmjs.org/webidl-conversions/-/webidl-conversions-3.0.1.tgz 1506ms (cache miss)
408 http fetch GET 200 https://registry.npmjs.org/human-signals/-/human-signals-2.1.0.tgz 1589ms (cache miss)
409 http fetch GET 200 https://registry.npmjs.org/m3u8stream/-/m3u8stream-0.8.6.tgz 1613ms (cache miss)
410 http fetch GET 200 https://registry.npmjs.org/http-cookie-agent/-/http-cookie-agent-7.0.3.tgz 1652ms (cache miss)
411 http fetch GET 200 https://registry.npmjs.org/tldts/-/tldts-6.1.86.tgz 1666ms (cache miss)
412 http fetch GET 200 https://registry.npmjs.org/sax/-/sax-1.4.4.tgz 1741ms (cache miss)
413 http fetch GET 200 https://registry.npmjs.org/formdata-node/-/formdata-node-6.0.3.tgz 1794ms (cache miss)
414 http fetch GET 200 https://registry.npmjs.org/events/-/events-3.3.0.tgz 1820ms (cache miss)
415 http fetch GET 200 https://registry.npmjs.org/tough-cookie/-/tough-cookie-5.1.2.tgz 1819ms (cache miss)
416 http fetch GET 200 https://registry.npmjs.org/@distube/ytdl-core/-/ytdl-core-4.16.12.tgz 1911ms (cache miss)
417 http fetch GET 200 https://registry.npmjs.org/undici/-/undici-7.18.2.tgz 1912ms (cache miss)
418 http fetch GET 200 https://registry.npmjs.org/string_decoder/-/string_decoder-1.3.0.tgz 2559ms (cache miss)
419 http fetch GET 200 https://registry.npmjs.org/elevenlabs/-/elevenlabs-1.59.0.tgz 2863ms (cache miss)
420 warn deprecated elevenlabs@1.59.0: This package has moved to @elevenlabs/elevenlabs-js
421 http fetch GET 200 https://registry.npmjs.org/tldts-core/-/tldts-core-6.1.86.tgz 3070ms (cache miss)
422 http fetch GET 200 https://registry.npmjs.org/mime-db/-/mime-db-1.52.0.tgz 4377ms (cache miss)
423 http fetch GET 200 https://registry.npmjs.org/lucide-react/-/lucide-react-0.562.0.tgz 8370ms (cache miss)
424 silly ADD node_modules/webidl-conversions
425 silly ADD node_modules/tr46
426 silly ADD node_modules/tldts-core
427 silly ADD node_modules/tldts
428 silly ADD node_modules/safe-buffer
429 silly ADD node_modules/ieee754
430 silly ADD node_modules/base64-js
431 silly ADD node_modules/event-target-shim
432 silly ADD node_modules/string_decoder
433 silly ADD node_modules/process
434 silly ADD node_modules/events
435 silly ADD node_modules/buffer
436 silly ADD node_modules/abort-controller
437 silly ADD node_modules/mimic-fn
438 silly ADD node_modules/whatwg-url
439 silly ADD node_modules/mime-db
440 silly ADD node_modules/agent-base
441 silly ADD node_modules/delayed-stream
442 silly ADD node_modules/mime-types
443 silly ADD node_modules/combined-stream
444 silly ADD node_modules/asynckit
445 silly ADD node_modules/strip-final-newline
446 silly ADD node_modules/signal-exit
447 silly ADD node_modules/onetime
448 silly ADD node_modules/npm-run-path
449 silly ADD node_modules/merge-stream
450 silly ADD node_modules/is-stream
451 silly ADD node_modules/human-signals
452 silly ADD node_modules/get-stream
453 silly ADD node_modules/url-join
454 silly ADD node_modules/readable-stream
455 silly ADD node_modules/qs
456 silly ADD node_modules/node-fetch
457 silly ADD node_modules/formdata-node
458 silly ADD node_modules/form-data-encoder
459 silly ADD node_modules/form-data
460 silly ADD node_modules/execa
461 silly ADD node_modules/command-exists
462 silly ADD node_modules/undici
463 silly ADD node_modules/sax
464 silly ADD node_modules/miniget
465 silly ADD node_modules/m3u8stream
466 silly ADD node_modules/https-proxy-agent
467 silly ADD node_modules/tough-cookie
468 silly ADD node_modules/http-cookie-agent
469 silly ADD node_modules/lucide-react
470 silly ADD node_modules/elevenlabs
471 silly ADD node_modules/@distube/ytdl-core
472 verbose cwd /Users/akdeepankar/Projects/protube
473 verbose os Darwin 25.1.0
474 verbose node v24.11.0
475 verbose npm  v11.6.1
476 notice
476 notice New [33mminor[39m version of npm available! [33m11.6.1[39m -> [34m11.7.0[39m
476 notice Changelog: [34mhttps://github.com/npm/cli/releases/tag/v11.7.0[39m
476 notice To update run: [4mnpm install -g npm@11.7.0[24m
476 notice  { force: true, Symbol(proc-log.meta): true }
477 verbose exit 0
478 info ok
